<?xml version="1.0" encoding="UTF-8"?>
<testsuite xmlns:xsi="http://www.w3.org/2001/XMLSchema-instance" xsi:noNamespaceSchemaLocation="https://maven.apache.org/surefire/maven-surefire-plugin/xsd/surefire-test-report.xsd" name="com.techreturners.exercise005.Exercise005Test" time="0.001" tests="9" errors="9" skipped="0" failures="0">
  <properties>
    <property name="java.specification.version" value="17"/>
    <property name="sun.cpu.isalist" value="amd64"/>
    <property name="sun.jnu.encoding" value="Cp1252"/>
    <property name="java.class.path" value="C:\Users\majum\OneDrive\Documents\GitHub\java_coding_exercises\target\test-classes;C:\Users\majum\OneDrive\Documents\GitHub\java_coding_exercises\target\classes;C:\Users\majum\.m2\repository\org\junit\jupiter\junit-jupiter-engine\5.9.0\junit-jupiter-engine-5.9.0.jar;C:\Users\majum\.m2\repository\org\junit\platform\junit-platform-engine\1.9.0\junit-platform-engine-1.9.0.jar;C:\Users\majum\.m2\repository\org\opentest4j\opentest4j\1.2.0\opentest4j-1.2.0.jar;C:\Users\majum\.m2\repository\org\junit\platform\junit-platform-commons\1.9.0\junit-platform-commons-1.9.0.jar;C:\Users\majum\.m2\repository\org\junit\jupiter\junit-jupiter-api\5.9.0\junit-jupiter-api-5.9.0.jar;C:\Users\majum\.m2\repository\org\apiguardian\apiguardian-api\1.1.2\apiguardian-api-1.1.2.jar;"/>
    <property name="java.vm.vendor" value="Oracle Corporation"/>
    <property name="sun.arch.data.model" value="64"/>
    <property name="user.variant" value=""/>
    <property name="java.vendor.url" value="https://java.oracle.com/"/>
    <property name="user.timezone" value="Europe/London"/>
    <property name="os.name" value="Windows 10"/>
    <property name="java.vm.specification.version" value="17"/>
    <property name="sun.java.launcher" value="SUN_STANDARD"/>
    <property name="user.country" value="GB"/>
    <property name="sun.boot.library.path" value="C:\Program Files\Java\jdk-17.0.5\bin"/>
    <property name="sun.java.command" value="C:\Users\majum\AppData\Local\Temp\surefire5839376846664022918\surefirebooter9137900227312966016.jar C:\Users\majum\AppData\Local\Temp\surefire5839376846664022918 2023-01-21T19-58-56_225-jvmRun1 surefire10114656913900363534tmp surefire_011670733301615536009tmp"/>
    <property name="jdk.debug" value="release"/>
    <property name="surefire.test.class.path" value="C:\Users\majum\OneDrive\Documents\GitHub\java_coding_exercises\target\test-classes;C:\Users\majum\OneDrive\Documents\GitHub\java_coding_exercises\target\classes;C:\Users\majum\.m2\repository\org\junit\jupiter\junit-jupiter-engine\5.9.0\junit-jupiter-engine-5.9.0.jar;C:\Users\majum\.m2\repository\org\junit\platform\junit-platform-engine\1.9.0\junit-platform-engine-1.9.0.jar;C:\Users\majum\.m2\repository\org\opentest4j\opentest4j\1.2.0\opentest4j-1.2.0.jar;C:\Users\majum\.m2\repository\org\junit\platform\junit-platform-commons\1.9.0\junit-platform-commons-1.9.0.jar;C:\Users\majum\.m2\repository\org\junit\jupiter\junit-jupiter-api\5.9.0\junit-jupiter-api-5.9.0.jar;C:\Users\majum\.m2\repository\org\apiguardian\apiguardian-api\1.1.2\apiguardian-api-1.1.2.jar;"/>
    <property name="sun.cpu.endian" value="little"/>
    <property name="user.home" value="C:\Users\majum"/>
    <property name="user.language" value="en"/>
    <property name="java.specification.vendor" value="Oracle Corporation"/>
    <property name="java.version.date" value="2022-10-18"/>
    <property name="java.home" value="C:\Program Files\Java\jdk-17.0.5"/>
    <property name="file.separator" value="\"/>
    <property name="basedir" value="C:\Users\majum\OneDrive\Documents\GitHub\java_coding_exercises"/>
    <property name="java.vm.compressedOopsMode" value="32-bit"/>
    <property name="line.separator" value="&#10;"/>
    <property name="java.vm.specification.vendor" value="Oracle Corporation"/>
    <property name="java.specification.name" value="Java Platform API Specification"/>
    <property name="surefire.real.class.path" value="C:\Users\majum\AppData\Local\Temp\surefire5839376846664022918\surefirebooter9137900227312966016.jar"/>
    <property name="user.script" value=""/>
    <property name="sun.management.compiler" value="HotSpot 64-Bit Tiered Compilers"/>
    <property name="java.runtime.version" value="17.0.5+9-LTS-191"/>
    <property name="user.name" value="majum"/>
    <property name="path.separator" value=";"/>
    <property name="os.version" value="10.0"/>
    <property name="java.runtime.name" value="Java(TM) SE Runtime Environment"/>
    <property name="file.encoding" value="Cp1252"/>
    <property name="java.vm.name" value="Java HotSpot(TM) 64-Bit Server VM"/>
    <property name="localRepository" value="C:\Users\majum\.m2\repository"/>
    <property name="java.vendor.url.bug" value="https://bugreport.java.com/bugreport/"/>
    <property name="java.io.tmpdir" value="C:\Users\majum\AppData\Local\Temp\"/>
    <property name="java.version" value="17.0.5"/>
    <property name="user.dir" value="C:\Users\majum\OneDrive\Documents\GitHub\java_coding_exercises"/>
    <property name="os.arch" value="amd64"/>
    <property name="java.vm.specification.name" value="Java Virtual Machine Specification"/>
    <property name="sun.os.patch.level" value=""/>
    <property name="native.encoding" value="Cp1252"/>
    <property name="java.library.path" value="C:\Program Files\Java\jdk-17.0.5\bin;C:\WINDOWS\Sun\Java\bin;C:\WINDOWS\system32;C:\WINDOWS;C:\Program Files\Common Files\Oracle\Java\javapath;C:\WINDOWS\system32;C:\WINDOWS;C:\WINDOWS\System32\Wbem;C:\WINDOWS\System32\WindowsPowerShell\v1.0\;C:\WINDOWS\System32\OpenSSH\;C:\Program Files\Git\cmd;C:\Users\majum\Downloads\apache-maven-3.8.7-bin.zip\apache-maven-3.8.7\bin;C:\Program Files\Java\jdk-17.0.5\bin;C:\Program Files\CommonFiles\Oracle\Java\javapath;C:\Program Files\apache-maven-3.8.7\bin;C:\Users\majum\AppData\Local\Programs\Python\Python310\Scripts\;C:\Users\majum\AppData\Local\Programs\Python\Python310\;C:\Users\majum\AppData\Local\Microsoft\WindowsApps;C:\Program Files\JetBrains\IntelliJ IDEA Community Edition 2022.3.1\bin;;C:\ProgramData\majum\GitHubDesktop\bin;."/>
    <property name="java.vm.info" value="mixed mode, sharing"/>
    <property name="java.vendor" value="Oracle Corporation"/>
    <property name="java.vm.version" value="17.0.5+9-LTS-191"/>
    <property name="sun.io.unicode.encoding" value="UnicodeLittle"/>
    <property name="java.class.version" value="61.0"/>
  </properties>
  <testcase name="checkSentenceWithMissingLetterHIsNotAPangram" classname="com.techreturners.exercise005.Exercise005Test" time="0">
    <error message="Cannot invoke &quot;com.techreturners.exercise005.Exercise005.isPangram(String)&quot; because &quot;this.ex005&quot; is null" type="java.lang.NullPointerException">java.lang.NullPointerException: Cannot invoke "com.techreturners.exercise005.Exercise005.isPangram(String)" because "this.ex005" is null
	at com.techreturners.exercise005.Exercise005Test.checkSentenceWithMissingLetterHIsNotAPangram(Exercise005Test.java:56)
</error>
  </testcase>
  <testcase name="checkSentenceWithMissingLetterXIsNotAPangram" classname="com.techreturners.exercise005.Exercise005Test" time="0">
    <error message="Cannot invoke &quot;com.techreturners.exercise005.Exercise005.isPangram(String)&quot; because &quot;this.ex005&quot; is null" type="java.lang.NullPointerException">java.lang.NullPointerException: Cannot invoke "com.techreturners.exercise005.Exercise005.isPangram(String)" because "this.ex005" is null
	at com.techreturners.exercise005.Exercise005Test.checkSentenceWithMissingLetterXIsNotAPangram(Exercise005Test.java:50)
</error>
  </testcase>
  <testcase name="checkPerfectUpperCaseSentenceIsAPangram" classname="com.techreturners.exercise005.Exercise005Test" time="0">
    <error message="Cannot invoke &quot;com.techreturners.exercise005.Exercise005.isPangram(String)&quot; because &quot;this.ex005&quot; is null" type="java.lang.NullPointerException">java.lang.NullPointerException: Cannot invoke "com.techreturners.exercise005.Exercise005.isPangram(String)" because "this.ex005" is null
	at com.techreturners.exercise005.Exercise005Test.checkPerfectUpperCaseSentenceIsAPangram(Exercise005Test.java:32)
</error>
  </testcase>
  <testcase name="checkSentenceWithLowerCaseIsAPangram" classname="com.techreturners.exercise005.Exercise005Test" time="0">
    <error message="Cannot invoke &quot;com.techreturners.exercise005.Exercise005.isPangram(String)&quot; because &quot;this.ex005&quot; is null" type="java.lang.NullPointerException">java.lang.NullPointerException: Cannot invoke "com.techreturners.exercise005.Exercise005.isPangram(String)" because "this.ex005" is null
	at com.techreturners.exercise005.Exercise005Test.checkSentenceWithLowerCaseIsAPangram(Exercise005Test.java:38)
</error>
  </testcase>
  <testcase name="checkSentenceWithNumbersIsAPangram" classname="com.techreturners.exercise005.Exercise005Test" time="0">
    <error message="Cannot invoke &quot;com.techreturners.exercise005.Exercise005.isPangram(String)&quot; because &quot;this.ex005&quot; is null" type="java.lang.NullPointerException">java.lang.NullPointerException: Cannot invoke "com.techreturners.exercise005.Exercise005.isPangram(String)" because "this.ex005" is null
	at com.techreturners.exercise005.Exercise005Test.checkSentenceWithNumbersIsAPangram(Exercise005Test.java:68)
</error>
  </testcase>
  <testcase name="checkSentenceWithMixedUpperAndLowerCaseIsAPangram" classname="com.techreturners.exercise005.Exercise005Test" time="0">
    <error message="Cannot invoke &quot;com.techreturners.exercise005.Exercise005.isPangram(String)&quot; because &quot;this.ex005&quot; is null" type="java.lang.NullPointerException">java.lang.NullPointerException: Cannot invoke "com.techreturners.exercise005.Exercise005.isPangram(String)" because "this.ex005" is null
	at com.techreturners.exercise005.Exercise005Test.checkSentenceWithMixedUpperAndLowerCaseIsAPangram(Exercise005Test.java:44)
</error>
  </testcase>
  <testcase name="checkEmptySentenceIsNotAPangram" classname="com.techreturners.exercise005.Exercise005Test" time="0">
    <error message="Cannot invoke &quot;com.techreturners.exercise005.Exercise005.isPangram(String)&quot; because &quot;this.ex005&quot; is null" type="java.lang.NullPointerException">java.lang.NullPointerException: Cannot invoke "com.techreturners.exercise005.Exercise005.isPangram(String)" because "this.ex005" is null
	at com.techreturners.exercise005.Exercise005Test.checkEmptySentenceIsNotAPangram(Exercise005Test.java:20)
</error>
  </testcase>
  <testcase name="checkPerfectLowerCaseSentenceIsAPangram" classname="com.techreturners.exercise005.Exercise005Test" time="0">
    <error message="Cannot invoke &quot;com.techreturners.exercise005.Exercise005.isPangram(String)&quot; because &quot;this.ex005&quot; is null" type="java.lang.NullPointerException">java.lang.NullPointerException: Cannot invoke "com.techreturners.exercise005.Exercise005.isPangram(String)" because "this.ex005" is null
	at com.techreturners.exercise005.Exercise005Test.checkPerfectLowerCaseSentenceIsAPangram(Exercise005Test.java:26)
</error>
  </testcase>
  <testcase name="checkSentenceWithUnderscoresIsAPangram" classname="com.techreturners.exercise005.Exercise005Test" time="0">
    <error message="Cannot invoke &quot;com.techreturners.exercise005.Exercise005.isPangram(String)&quot; because &quot;this.ex005&quot; is null" type="java.lang.NullPointerException">java.lang.NullPointerException: Cannot invoke "com.techreturners.exercise005.Exercise005.isPangram(String)" because "this.ex005" is null
	at com.techreturners.exercise005.Exercise005Test.checkSentenceWithUnderscoresIsAPangram(Exercise005Test.java:62)
</error>
  </testcase>
</testsuite>